Arguments: 
  /usr/local/Cellar/node/8.9.1/bin/node /usr/local/Cellar/yarn/1.3.2/libexec/bin/yarn.js

PATH: 
  /usr/local/bin:/usr/bin:/bin:/usr/sbin:/sbin

Yarn version: 
  1.3.2

Node version: 
  8.9.1

Platform: 
  darwin x64

npm manifest: 
  {
    "name": "xml2Json",
    "version": "1.0.0",
    "description": "script to parse xml files to json",
    "main": "index.js",
    "author": "César Buenrostro",
    "license": "MIT",
    "scripts": {
      "start": "babel-node index.js"
    },
    "devDependencies": {
      "babel-cli": "^6.26.0",
      "babel-preset-latest": "^6.24.1",
      "babel-preset-stage-2": "^6.24.1",
    }
  }

yarn manifest: 
  No manifest

Lockfile: 
  No lockfile

Trace: 
  SyntaxError: /Users/c35xr/Documents/personalCode/xml2Json/package.json: Unexpected token } in JSON at position 359
      at JSON.parse (<anonymous>)
      at /usr/local/Cellar/yarn/1.3.2/libexec/lib/cli.js:770:59
      at Generator.next (<anonymous>)
      at step (/usr/local/Cellar/yarn/1.3.2/libexec/lib/cli.js:92:30)
      at /usr/local/Cellar/yarn/1.3.2/libexec/lib/cli.js:103:13
      at <anonymous>
